<?xml version="1.0" encoding="UTF-8"?>
<!-- Generated by org.testng.reporters.JUnitXMLReporter -->
<testsuite hostname="DESKTOP-FUR6L4J" ignored="0" name="testGuru" tests="3" failures="0" timestamp="04 Feb 2021 19:04:04 GMT" time="107.012" errors="0">
  <testcase name="test_1" time="94.427" classname="Local_Project.Automation_Epic_Part_3.Test_Case_2"/>
  <testcase name="test_1" time="106.737" classname="Local_Project.Automation_Epic_Part_3.Test_Case_3"/>
  <testcase name="test_1" time="106.976" classname="Local_Project.Automation_Epic_Part_3.Test_Case_1"/>
</testsuite> <!-- testGuru -->
